2020-05-11 11:27:26.500 [restartedMain] INFO  program.tiger.sword.BootStrap - Starting BootStrap on TigerLees-computor.local with PID 2310 (/Users/lijh/IdeaProjects/program-all/sword-service/target/classes started by lijh in /Users/lijh/IdeaProjects/program-all)
2020-05-11 11:27:26.510 [restartedMain] INFO  program.tiger.sword.BootStrap - No active profile set, falling back to default profiles: default
2020-05-11 11:27:26.661 [restartedMain] INFO  o.s.b.d.env.DevToolsPropertyDefaultsPostProcessor - Devtools property defaults active! Set 'spring.devtools.add-properties' to 'false' to disable
2020-05-11 11:27:26.661 [restartedMain] INFO  o.s.b.d.env.DevToolsPropertyDefaultsPostProcessor - For additional web related logging consider setting the 'logging.level.web' property to 'DEBUG'
2020-05-11 11:27:30.689 [restartedMain] INFO  o.s.boot.web.embedded.tomcat.TomcatWebServer - Tomcat initialized with port(s): 8080 (http)
2020-05-11 11:27:30.731 [restartedMain] INFO  org.apache.coyote.http11.Http11NioProtocol - Initializing ProtocolHandler ["http-nio-8080"]
2020-05-11 11:27:30.732 [restartedMain] INFO  org.apache.catalina.core.StandardService - Starting service [Tomcat]
2020-05-11 11:27:30.733 [restartedMain] INFO  org.apache.catalina.core.StandardEngine - Starting Servlet engine: [Apache Tomcat/9.0.34]
2020-05-11 11:27:31.011 [restartedMain] INFO  o.a.c.core.ContainerBase.[Tomcat].[localhost].[/] - Initializing Spring embedded WebApplicationContext
2020-05-11 11:27:31.012 [restartedMain] INFO  org.springframework.web.context.ContextLoader - Root WebApplicationContext: initialization completed in 4350 ms
2020-05-11 11:27:31.470 [restartedMain] INFO  o.s.scheduling.concurrent.ThreadPoolTaskExecutor - Initializing ExecutorService 'applicationTaskExecutor'
2020-05-11 11:27:31.959 [restartedMain] INFO  o.s.scheduling.concurrent.ThreadPoolTaskExecutor - Shutting down ExecutorService 'applicationTaskExecutor'
2020-05-11 11:27:31.966 [restartedMain] INFO  org.apache.catalina.core.StandardService - Stopping service [Tomcat]
2020-05-11 11:27:32.029 [restartedMain] INFO  o.s.b.a.l.ConditionEvaluationReportLoggingListener - 

Error starting ApplicationContext. To display the conditions report re-run your application with 'debug' enabled.
2020-05-11 11:49:59.225 [restartedMain] INFO  program.tiger.sword.BootStrap - Starting BootStrap on TigerLees-computor.local with PID 2837 (/Users/lijh/IdeaProjects/program-all/sword-service/target/classes started by lijh in /Users/lijh/IdeaProjects/program-all)
2020-05-11 11:49:59.236 [restartedMain] INFO  program.tiger.sword.BootStrap - No active profile set, falling back to default profiles: default
2020-05-11 11:49:59.373 [restartedMain] INFO  o.s.b.d.env.DevToolsPropertyDefaultsPostProcessor - Devtools property defaults active! Set 'spring.devtools.add-properties' to 'false' to disable
2020-05-11 11:49:59.375 [restartedMain] INFO  o.s.b.d.env.DevToolsPropertyDefaultsPostProcessor - For additional web related logging consider setting the 'logging.level.web' property to 'DEBUG'
2020-05-11 11:50:03.022 [restartedMain] INFO  o.s.boot.web.embedded.tomcat.TomcatWebServer - Tomcat initialized with port(s): 8080 (http)
2020-05-11 11:50:03.060 [restartedMain] INFO  org.apache.coyote.http11.Http11NioProtocol - Initializing ProtocolHandler ["http-nio-8080"]
2020-05-11 11:50:03.060 [restartedMain] INFO  org.apache.catalina.core.StandardService - Starting service [Tomcat]
2020-05-11 11:50:03.061 [restartedMain] INFO  org.apache.catalina.core.StandardEngine - Starting Servlet engine: [Apache Tomcat/9.0.34]
2020-05-11 11:50:03.320 [restartedMain] INFO  o.a.c.core.ContainerBase.[Tomcat].[localhost].[/] - Initializing Spring embedded WebApplicationContext
2020-05-11 11:50:03.321 [restartedMain] INFO  org.springframework.web.context.ContextLoader - Root WebApplicationContext: initialization completed in 3944 ms
2020-05-11 11:50:03.758 [restartedMain] INFO  o.s.scheduling.concurrent.ThreadPoolTaskExecutor - Initializing ExecutorService 'applicationTaskExecutor'
2020-05-11 11:50:05.636 [restartedMain] INFO  o.s.b.d.autoconfigure.OptionalLiveReloadServer - LiveReload server is running on port 35729
2020-05-11 11:50:05.761 [restartedMain] INFO  org.apache.coyote.http11.Http11NioProtocol - Starting ProtocolHandler ["http-nio-8080"]
2020-05-11 11:50:05.842 [restartedMain] INFO  o.s.boot.web.embedded.tomcat.TomcatWebServer - Tomcat started on port(s): 8080 (http) with context path ''
2020-05-11 11:50:05.858 [restartedMain] INFO  program.tiger.sword.BootStrap - Started BootStrap in 8.097 seconds (JVM running for 11.025)
2020-05-11 11:50:45.672 [SpringContextShutdownHook] INFO  o.s.scheduling.concurrent.ThreadPoolTaskExecutor - Shutting down ExecutorService 'applicationTaskExecutor'
2020-05-11 11:50:57.938 [restartedMain] INFO  program.tiger.sword.BootStrap - Starting BootStrap on TigerLees-computor.local with PID 2850 (/Users/lijh/IdeaProjects/program-all/sword-service/target/classes started by lijh in /Users/lijh/IdeaProjects/program-all)
2020-05-11 11:50:57.955 [restartedMain] INFO  program.tiger.sword.BootStrap - No active profile set, falling back to default profiles: default
2020-05-11 11:50:58.089 [restartedMain] INFO  o.s.b.d.env.DevToolsPropertyDefaultsPostProcessor - Devtools property defaults active! Set 'spring.devtools.add-properties' to 'false' to disable
2020-05-11 11:50:58.090 [restartedMain] INFO  o.s.b.d.env.DevToolsPropertyDefaultsPostProcessor - For additional web related logging consider setting the 'logging.level.web' property to 'DEBUG'
2020-05-11 11:51:00.615 [restartedMain] INFO  o.s.boot.web.embedded.tomcat.TomcatWebServer - Tomcat initialized with port(s): 8080 (http)
2020-05-11 11:51:00.632 [restartedMain] INFO  org.apache.coyote.http11.Http11NioProtocol - Initializing ProtocolHandler ["http-nio-8080"]
2020-05-11 11:51:00.633 [restartedMain] INFO  org.apache.catalina.core.StandardService - Starting service [Tomcat]
2020-05-11 11:51:00.633 [restartedMain] INFO  org.apache.catalina.core.StandardEngine - Starting Servlet engine: [Apache Tomcat/9.0.34]
2020-05-11 11:51:00.735 [restartedMain] INFO  o.a.c.core.ContainerBase.[Tomcat].[localhost].[/] - Initializing Spring embedded WebApplicationContext
2020-05-11 11:51:00.735 [restartedMain] INFO  org.springframework.web.context.ContextLoader - Root WebApplicationContext: initialization completed in 2644 ms
2020-05-11 11:51:00.992 [restartedMain] INFO  o.s.scheduling.concurrent.ThreadPoolTaskExecutor - Initializing ExecutorService 'applicationTaskExecutor'
2020-05-11 11:51:01.587 [restartedMain] INFO  o.s.b.d.autoconfigure.OptionalLiveReloadServer - LiveReload server is running on port 35729
2020-05-11 11:51:01.622 [restartedMain] INFO  org.apache.coyote.http11.Http11NioProtocol - Starting ProtocolHandler ["http-nio-8080"]
2020-05-11 11:51:01.657 [restartedMain] INFO  o.s.boot.web.embedded.tomcat.TomcatWebServer - Tomcat started on port(s): 8080 (http) with context path ''
2020-05-11 11:51:01.664 [restartedMain] INFO  program.tiger.sword.BootStrap - Started BootStrap in 5.26 seconds (JVM running for 7.349)
2020-05-11 11:56:45.866 [SpringContextShutdownHook] INFO  o.s.scheduling.concurrent.ThreadPoolTaskExecutor - Shutting down ExecutorService 'applicationTaskExecutor'
2020-05-11 11:56:58.708 [restartedMain] INFO  program.tiger.sword.BootStrap - Starting BootStrap on TigerLees-computor.local with PID 2903 (/Users/lijh/IdeaProjects/program-all/sword-service/target/classes started by lijh in /Users/lijh/IdeaProjects/program-all)
2020-05-11 11:56:58.728 [restartedMain] INFO  program.tiger.sword.BootStrap - No active profile set, falling back to default profiles: default
2020-05-11 11:56:58.894 [restartedMain] INFO  o.s.b.d.env.DevToolsPropertyDefaultsPostProcessor - Devtools property defaults active! Set 'spring.devtools.add-properties' to 'false' to disable
2020-05-11 11:56:58.895 [restartedMain] INFO  o.s.b.d.env.DevToolsPropertyDefaultsPostProcessor - For additional web related logging consider setting the 'logging.level.web' property to 'DEBUG'
2020-05-11 11:57:01.810 [restartedMain] INFO  o.s.boot.web.embedded.tomcat.TomcatWebServer - Tomcat initialized with port(s): 8080 (http)
2020-05-11 11:57:01.828 [restartedMain] INFO  org.apache.coyote.http11.Http11NioProtocol - Initializing ProtocolHandler ["http-nio-8080"]
2020-05-11 11:57:01.828 [restartedMain] INFO  org.apache.catalina.core.StandardService - Starting service [Tomcat]
2020-05-11 11:57:01.829 [restartedMain] INFO  org.apache.catalina.core.StandardEngine - Starting Servlet engine: [Apache Tomcat/9.0.34]
2020-05-11 11:57:01.997 [restartedMain] INFO  o.a.c.core.ContainerBase.[Tomcat].[localhost].[/] - Initializing Spring embedded WebApplicationContext
2020-05-11 11:57:01.998 [restartedMain] INFO  org.springframework.web.context.ContextLoader - Root WebApplicationContext: initialization completed in 3103 ms
2020-05-11 11:57:02.364 [restartedMain] INFO  o.s.scheduling.concurrent.ThreadPoolTaskExecutor - Initializing ExecutorService 'applicationTaskExecutor'
2020-05-11 11:57:03.472 [restartedMain] INFO  o.s.b.d.autoconfigure.OptionalLiveReloadServer - LiveReload server is running on port 35729
2020-05-11 11:57:03.516 [restartedMain] INFO  org.apache.coyote.http11.Http11NioProtocol - Starting ProtocolHandler ["http-nio-8080"]
2020-05-11 11:57:03.569 [restartedMain] INFO  o.s.boot.web.embedded.tomcat.TomcatWebServer - Tomcat started on port(s): 8080 (http) with context path ''
2020-05-11 11:57:03.578 [restartedMain] INFO  program.tiger.sword.BootStrap - Started BootStrap in 6.275 seconds (JVM running for 8.691)
2020-05-11 11:58:33.346 [SpringContextShutdownHook] INFO  o.s.scheduling.concurrent.ThreadPoolTaskExecutor - Shutting down ExecutorService 'applicationTaskExecutor'
2020-05-11 11:58:50.202 [restartedMain] INFO  program.tiger.sword.BootStrap - Starting BootStrap on TigerLees-computor.local with PID 2928 (/Users/lijh/IdeaProjects/program-all/sword-service/target/classes started by lijh in /Users/lijh/IdeaProjects/program-all)
2020-05-11 11:58:50.206 [restartedMain] INFO  program.tiger.sword.BootStrap - No active profile set, falling back to default profiles: default
2020-05-11 11:58:50.350 [restartedMain] INFO  o.s.b.d.env.DevToolsPropertyDefaultsPostProcessor - Devtools property defaults active! Set 'spring.devtools.add-properties' to 'false' to disable
2020-05-11 11:58:50.353 [restartedMain] INFO  o.s.b.d.env.DevToolsPropertyDefaultsPostProcessor - For additional web related logging consider setting the 'logging.level.web' property to 'DEBUG'
2020-05-11 11:58:53.391 [restartedMain] INFO  o.s.boot.web.embedded.tomcat.TomcatWebServer - Tomcat initialized with port(s): 8080 (http)
2020-05-11 11:58:53.409 [restartedMain] INFO  org.apache.coyote.http11.Http11NioProtocol - Initializing ProtocolHandler ["http-nio-8080"]
2020-05-11 11:58:53.410 [restartedMain] INFO  org.apache.catalina.core.StandardService - Starting service [Tomcat]
2020-05-11 11:58:53.410 [restartedMain] INFO  org.apache.catalina.core.StandardEngine - Starting Servlet engine: [Apache Tomcat/9.0.34]
2020-05-11 11:58:53.561 [restartedMain] INFO  o.a.c.core.ContainerBase.[Tomcat].[localhost].[/] - Initializing Spring embedded WebApplicationContext
2020-05-11 11:58:53.562 [restartedMain] INFO  org.springframework.web.context.ContextLoader - Root WebApplicationContext: initialization completed in 3208 ms
2020-05-11 11:58:53.884 [restartedMain] INFO  o.s.scheduling.concurrent.ThreadPoolTaskExecutor - Initializing ExecutorService 'applicationTaskExecutor'
2020-05-11 11:58:54.950 [restartedMain] INFO  o.s.b.d.autoconfigure.OptionalLiveReloadServer - LiveReload server is running on port 35729
2020-05-11 11:58:54.998 [restartedMain] INFO  org.apache.coyote.http11.Http11NioProtocol - Starting ProtocolHandler ["http-nio-8080"]
2020-05-11 11:58:55.041 [restartedMain] INFO  o.s.boot.web.embedded.tomcat.TomcatWebServer - Tomcat started on port(s): 8080 (http) with context path ''
2020-05-11 11:58:55.048 [restartedMain] INFO  program.tiger.sword.BootStrap - Started BootStrap in 6.401 seconds (JVM running for 8.75)
2020-05-11 11:59:02.495 [SpringContextShutdownHook] INFO  o.s.scheduling.concurrent.ThreadPoolTaskExecutor - Shutting down ExecutorService 'applicationTaskExecutor'
2020-05-11 13:53:37.684 [restartedMain] INFO  program.tiger.sword.BootStrap - Starting BootStrap on TigerLees-computor.local with PID 3215 (/Users/lijh/IdeaProjects/program-all/sword-service/target/classes started by lijh in /Users/lijh/IdeaProjects/program-all)
2020-05-11 13:53:37.699 [restartedMain] INFO  program.tiger.sword.BootStrap - No active profile set, falling back to default profiles: default
2020-05-11 13:53:37.847 [restartedMain] INFO  o.s.b.d.env.DevToolsPropertyDefaultsPostProcessor - Devtools property defaults active! Set 'spring.devtools.add-properties' to 'false' to disable
2020-05-11 13:53:37.848 [restartedMain] INFO  o.s.b.d.env.DevToolsPropertyDefaultsPostProcessor - For additional web related logging consider setting the 'logging.level.web' property to 'DEBUG'
2020-05-11 13:53:41.536 [restartedMain] INFO  o.s.boot.web.embedded.tomcat.TomcatWebServer - Tomcat initialized with port(s): 8080 (http)
2020-05-11 13:53:41.577 [restartedMain] INFO  org.apache.coyote.http11.Http11NioProtocol - Initializing ProtocolHandler ["http-nio-8080"]
2020-05-11 13:53:41.579 [restartedMain] INFO  org.apache.catalina.core.StandardService - Starting service [Tomcat]
2020-05-11 13:53:41.580 [restartedMain] INFO  org.apache.catalina.core.StandardEngine - Starting Servlet engine: [Apache Tomcat/9.0.34]
2020-05-11 13:53:41.858 [restartedMain] INFO  o.a.c.core.ContainerBase.[Tomcat].[localhost].[/] - Initializing Spring embedded WebApplicationContext
2020-05-11 13:53:41.859 [restartedMain] INFO  org.springframework.web.context.ContextLoader - Root WebApplicationContext: initialization completed in 4011 ms
2020-05-11 13:53:42.341 [restartedMain] INFO  o.s.scheduling.concurrent.ThreadPoolTaskExecutor - Initializing ExecutorService 'applicationTaskExecutor'
2020-05-11 13:53:43.988 [restartedMain] INFO  o.s.b.d.autoconfigure.OptionalLiveReloadServer - LiveReload server is running on port 35729
2020-05-11 13:53:44.039 [restartedMain] INFO  org.apache.coyote.http11.Http11NioProtocol - Starting ProtocolHandler ["http-nio-8080"]
2020-05-11 13:53:44.093 [restartedMain] INFO  o.s.boot.web.embedded.tomcat.TomcatWebServer - Tomcat started on port(s): 8080 (http) with context path ''
2020-05-11 13:53:44.100 [restartedMain] INFO  program.tiger.sword.BootStrap - Started BootStrap in 8.116 seconds (JVM running for 10.95)
2020-05-11 13:53:55.334 [SpringContextShutdownHook] INFO  o.s.scheduling.concurrent.ThreadPoolTaskExecutor - Shutting down ExecutorService 'applicationTaskExecutor'
2020-05-11 14:16:57.574 [restartedMain] INFO  program.tiger.sword.BootStrap - Starting BootStrap on TigerLees-computor.local with PID 3523 (/Users/lijh/IdeaProjects/program-all/sword-service/target/classes started by lijh in /Users/lijh/IdeaProjects/program-all)
2020-05-11 14:16:57.580 [restartedMain] INFO  program.tiger.sword.BootStrap - No active profile set, falling back to default profiles: default
2020-05-11 14:16:57.753 [restartedMain] INFO  o.s.b.d.env.DevToolsPropertyDefaultsPostProcessor - Devtools property defaults active! Set 'spring.devtools.add-properties' to 'false' to disable
2020-05-11 14:16:57.754 [restartedMain] INFO  o.s.b.d.env.DevToolsPropertyDefaultsPostProcessor - For additional web related logging consider setting the 'logging.level.web' property to 'DEBUG'
2020-05-11 14:17:00.608 [restartedMain] INFO  o.s.b.a.l.ConditionEvaluationReportLoggingListener - 

Error starting ApplicationContext. To display the conditions report re-run your application with 'debug' enabled.
2020-05-11 14:20:09.477 [restartedMain] INFO  program.tiger.sword.BootStrap - Starting BootStrap on TigerLees-computor.local with PID 3553 (/Users/lijh/IdeaProjects/program-all/sword-service/target/classes started by lijh in /Users/lijh/IdeaProjects/program-all)
2020-05-11 14:20:09.479 [restartedMain] INFO  program.tiger.sword.BootStrap - No active profile set, falling back to default profiles: default
2020-05-11 14:20:09.641 [restartedMain] INFO  o.s.b.d.env.DevToolsPropertyDefaultsPostProcessor - Devtools property defaults active! Set 'spring.devtools.add-properties' to 'false' to disable
2020-05-11 14:20:09.641 [restartedMain] INFO  o.s.b.d.env.DevToolsPropertyDefaultsPostProcessor - For additional web related logging consider setting the 'logging.level.web' property to 'DEBUG'
2020-05-11 14:20:12.541 [restartedMain] INFO  o.s.b.a.l.ConditionEvaluationReportLoggingListener - 

Error starting ApplicationContext. To display the conditions report re-run your application with 'debug' enabled.
2020-05-11 14:23:49.360 [restartedMain] INFO  program.tiger.sword.BootStrap - Starting BootStrap on TigerLees-computor.local with PID 3601 (/Users/lijh/IdeaProjects/program-all/sword-service/target/classes started by lijh in /Users/lijh/IdeaProjects/program-all)
2020-05-11 14:23:49.373 [restartedMain] INFO  program.tiger.sword.BootStrap - No active profile set, falling back to default profiles: default
2020-05-11 14:23:49.555 [restartedMain] INFO  o.s.b.d.env.DevToolsPropertyDefaultsPostProcessor - Devtools property defaults active! Set 'spring.devtools.add-properties' to 'false' to disable
2020-05-11 14:23:49.556 [restartedMain] INFO  o.s.b.d.env.DevToolsPropertyDefaultsPostProcessor - For additional web related logging consider setting the 'logging.level.web' property to 'DEBUG'
2020-05-11 14:23:52.496 [restartedMain] INFO  o.s.b.a.l.ConditionEvaluationReportLoggingListener - 

Error starting ApplicationContext. To display the conditions report re-run your application with 'debug' enabled.
2020-05-11 14:27:30.097 [restartedMain] INFO  program.tiger.sword.BootStrap - Starting BootStrap on TigerLees-computor.local with PID 3625 (/Users/lijh/IdeaProjects/program-all/sword-service/target/classes started by lijh in /Users/lijh/IdeaProjects/program-all)
2020-05-11 14:27:30.111 [restartedMain] INFO  program.tiger.sword.BootStrap - No active profile set, falling back to default profiles: default
2020-05-11 14:27:30.367 [restartedMain] INFO  o.s.b.d.env.DevToolsPropertyDefaultsPostProcessor - Devtools property defaults active! Set 'spring.devtools.add-properties' to 'false' to disable
2020-05-11 14:27:30.369 [restartedMain] INFO  o.s.b.d.env.DevToolsPropertyDefaultsPostProcessor - For additional web related logging consider setting the 'logging.level.web' property to 'DEBUG'
2020-05-11 14:27:33.442 [restartedMain] INFO  o.s.b.a.l.ConditionEvaluationReportLoggingListener - 

Error starting ApplicationContext. To display the conditions report re-run your application with 'debug' enabled.
2020-05-11 14:33:44.395 [restartedMain] INFO  program.tiger.sword.BootStrap - Starting BootStrap on TigerLees-computor.local with PID 3675 (/Users/lijh/IdeaProjects/program-all/sword-service/target/classes started by lijh in /Users/lijh/IdeaProjects/program-all)
2020-05-11 14:33:44.407 [restartedMain] INFO  program.tiger.sword.BootStrap - No active profile set, falling back to default profiles: default
2020-05-11 14:33:44.624 [restartedMain] INFO  o.s.b.d.env.DevToolsPropertyDefaultsPostProcessor - Devtools property defaults active! Set 'spring.devtools.add-properties' to 'false' to disable
2020-05-11 14:33:44.625 [restartedMain] INFO  o.s.b.d.env.DevToolsPropertyDefaultsPostProcessor - For additional web related logging consider setting the 'logging.level.web' property to 'DEBUG'
2020-05-11 14:33:46.691 [restartedMain] INFO  o.s.b.a.l.ConditionEvaluationReportLoggingListener - 

Error starting ApplicationContext. To display the conditions report re-run your application with 'debug' enabled.
2020-05-11 14:38:37.234 [restartedMain] INFO  program.tiger.sword.BootStrap - Starting BootStrap on TigerLees-computor.local with PID 3692 (/Users/lijh/IdeaProjects/program-all/sword-service/target/classes started by lijh in /Users/lijh/IdeaProjects/program-all)
2020-05-11 14:38:37.256 [restartedMain] INFO  program.tiger.sword.BootStrap - No active profile set, falling back to default profiles: default
2020-05-11 14:38:37.450 [restartedMain] INFO  o.s.b.d.env.DevToolsPropertyDefaultsPostProcessor - Devtools property defaults active! Set 'spring.devtools.add-properties' to 'false' to disable
2020-05-11 14:38:37.451 [restartedMain] INFO  o.s.b.d.env.DevToolsPropertyDefaultsPostProcessor - For additional web related logging consider setting the 'logging.level.web' property to 'DEBUG'
2020-05-11 14:38:40.206 [restartedMain] INFO  o.s.b.a.l.ConditionEvaluationReportLoggingListener - 

Error starting ApplicationContext. To display the conditions report re-run your application with 'debug' enabled.
