2020-10-29 21:03:51.209 [background-preinit] INFO  org.hibernate.validator.internal.util.Version - HV000001: Hibernate Validator 6.1.6.Final
2020-10-29 21:03:51.384 [restartedMain] INFO  program.tiger.sword.BootStrap - Starting BootStrap on TigerLees-computor.local with PID 94269 (/Users/lijh/IdeaProjects/program-all/sword-management/target/classes started by lijh in /Users/lijh/IdeaProjects/program-all)
2020-10-29 21:03:51.386 [restartedMain] INFO  program.tiger.sword.BootStrap - The following profiles are active: application-dev.yaml,dev
2020-10-29 21:03:51.582 [restartedMain] INFO  o.s.b.d.env.DevToolsPropertyDefaultsPostProcessor - Devtools property defaults active! Set 'spring.devtools.add-properties' to 'false' to disable
2020-10-29 21:03:55.354 [restartedMain] INFO  o.s.b.d.autoconfigure.OptionalLiveReloadServer - LiveReload server is running on port 35729
2020-10-29 21:03:55.797 [restartedMain] INFO  o.s.boot.web.embedded.netty.NettyWebServer - Netty started on port(s): 8080
2020-10-29 21:03:55.874 [restartedMain] INFO  program.tiger.sword.BootStrap - Started BootStrap in 6.599 seconds (JVM running for 10.378)
2020-10-29 21:15:59.110 [background-preinit] INFO  org.hibernate.validator.internal.util.Version - HV000001: Hibernate Validator 6.1.6.Final
2020-10-29 21:15:59.346 [restartedMain] INFO  program.tiger.sword.BootStrap - Starting BootStrap on TigerLees-computor.local with PID 204 (/Users/lijh/IdeaProjects/program-all/sword-management/target/classes started by lijh in /Users/lijh/IdeaProjects/program-all)
2020-10-29 21:15:59.351 [restartedMain] INFO  program.tiger.sword.BootStrap - The following profiles are active: application-dev.yaml,dev
2020-10-29 21:15:59.613 [restartedMain] INFO  o.s.b.d.env.DevToolsPropertyDefaultsPostProcessor - Devtools property defaults active! Set 'spring.devtools.add-properties' to 'false' to disable
2020-10-29 21:16:03.125 [restartedMain] INFO  o.s.b.d.autoconfigure.OptionalLiveReloadServer - LiveReload server is running on port 35729
2020-10-29 21:16:03.561 [restartedMain] INFO  o.s.boot.web.embedded.netty.NettyWebServer - Netty started on port(s): 8080
2020-10-29 21:16:03.662 [restartedMain] INFO  program.tiger.sword.BootStrap - Started BootStrap in 6.059 seconds (JVM running for 8.918)
2020-10-29 21:16:33.655 [background-preinit] INFO  org.hibernate.validator.internal.util.Version - HV000001: Hibernate Validator 6.1.6.Final
2020-10-29 21:16:33.864 [restartedMain] INFO  program.tiger.sword.BootStrap - Starting BootStrap on TigerLees-computor.local with PID 583 (/Users/lijh/IdeaProjects/program-all/sword-management/target/classes started by lijh in /Users/lijh/IdeaProjects/program-all)
2020-10-29 21:16:33.866 [restartedMain] INFO  program.tiger.sword.BootStrap - The following profiles are active: application-dev.yaml,dev
2020-10-29 21:16:34.140 [restartedMain] INFO  o.s.b.d.env.DevToolsPropertyDefaultsPostProcessor - Devtools property defaults active! Set 'spring.devtools.add-properties' to 'false' to disable
2020-10-29 21:16:37.569 [restartedMain] INFO  o.s.b.d.autoconfigure.OptionalLiveReloadServer - LiveReload server is running on port 35729
2020-10-29 21:16:37.887 [restartedMain] INFO  o.s.boot.web.embedded.netty.NettyWebServer - Netty started on port(s): 8080
2020-10-29 21:16:37.934 [restartedMain] INFO  program.tiger.sword.BootStrap - Started BootStrap in 5.845 seconds (JVM running for 8.282)
